<?xml version="1.0" encoding="UTF-8"?>
<testsuites name="Feature View Product Detail" time="75.784" tests="1" failures="0" errors="0">
   <testsuite name="Feature View Product Detail" tests="1" failures="0" errors="0" time="75.784" skipped="0" timestamp="2022-10-25 20:04:54" hostname="Lucifur - Lucifurrr" id="Test Suites/Feature View Product Detail">
      <properties>
         <property name="deviceName" value=""/>
         <property name="devicePlatform" value=""/>
         <property name="logFolder" value="C:\\Users\\Lucifur\\git\\Tim3_KatalonWeb\\Reports\\20221025_200447\\Feature View Product Detail\\20221025_200447"/>
         <property name="logFiles" value="C:\\Users\\Lucifur\\git\\Tim3_KatalonWeb\\Reports\\20221025_200447\\Feature View Product Detail\\20221025_200447\\execution0.log"/>
         <property name="attachments" value=""/>
         <property name="hostName" value="Lucifur - Lucifurrr"/>
         <property name="os" value="Windows 10 64bit"/>
         <property name="katalonVersion" value="8.5.1.208"/>
         <property name="browser" value="Chrome 106.0.0.0"/>
         <property name="hostAddress" value="192.168.72.2"/>
         <property name="sessionId" value="75705adfed3256bb7d3bb60278af3774"/>
         <property name="seleniumVersion" value="3.141.59"/>
         <property name="proxyInformation" value="ProxyInformation { proxyOption=NO_PROXY, proxyServerType=HTTP, username=, password=********, proxyServerAddress=, proxyServerPort=0, executionList=&quot;&quot;, isApplyToDesiredCapabilities=true }"/>
         <property name="platform" value="Windows 10"/>
      </properties>
      <testcase name="Test Cases/StepDefinition/Feature View Product Detail/PRODUCT001 - View product details from other sellers in homepage" time="72.525" classname="Test Cases/StepDefinition/Feature View Product Detail/PRODUCT001 - View product details from other sellers in homepage" status="PASSED">
         <system-out><![CDATA[2022-10-25 20:04:57 - [TEST_CASE][PASSED] - Test Cases/StepDefinition/Feature View Product Detail/PRODUCT001 - View product details from other sellers in homepage: Test Cases/StepDefinition/Feature View Product Detail/PRODUCT001 - View product details from other sellers in homepage

2022-10-25 20:04:57 - [TEST_STEP][PASSED] - Start listener action : beforeTestCase: Navigate to 'https://deployed-five.vercel.app' successfully

2022-10-25 20:04:57 - [TEST_STEP][PASSED] - logInfo("Test Case: " + testCaseContext.getTestCaseId()): Test Case: Test Cases/StepDefinition/Feature View Product Detail/PRODUCT001 - View product details from other sellers in homepage

2022-10-25 20:04:57 - [MESSAGE][INFO] - Test Case: Test Cases/StepDefinition/Feature View Product Detail/PRODUCT001 - View product details from other sellers in homepage

2022-10-25 20:04:57 - [TEST_STEP][PASSED] - openBrowser(): null

2022-10-25 20:04:57 - [TEST_STEP][PASSED] - openBrowser(""): Browser is opened with url: ''

2022-10-25 20:04:57 - [MESSAGE][WARNING] - A browser is already opened. Closing browser and opening a new one

2022-10-25 20:04:58 - [MESSAGE][INFO] - Starting 'Chrome' driver

2022-10-25 20:04:58 - [MESSAGE][INFO] - Action delay is set to 0 milliseconds

2022-10-25 20:04:59 - [MESSAGE][PASSED] - Browser is opened with url: ''

2022-10-25 20:04:59 - [TEST_STEP][PASSED] - maximizeWindow(): Current window maximized

2022-10-25 20:04:59 - [MESSAGE][PASSED] - Current window maximized

2022-10-25 20:04:59 - [TEST_STEP][PASSED] - navigateToUrl("https://deployed-five.vercel.app"): Navigate to 'https://deployed-five.vercel.app' successfully

2022-10-25 20:05:00 - [MESSAGE][PASSED] - Navigate to 'https://deployed-five.vercel.app' successfully

2022-10-25 20:05:00 - [TEST_STEP][PASSED] - callTestCase(findTestCase("Pages/Homepage/Click Product Detail"), [:], STOP_ON_FAILURE): Call Test Case 'Test Cases/Pages/Homepage/Click Product Detail' successfully

2022-10-25 20:05:00 - [TEST_CASE][PASSED] - Test Cases/Pages/Homepage/Click Product Detail: Test Cases/Pages/Homepage/Click Product Detail

2022-10-25 20:05:00 - [TEST_STEP][PASSED] - verifyElementVisible(findTestObject("Homepage/text_product3_name")): Object 'Object Repository/Homepage/text_product3_name' is visible

2022-10-25 20:05:32 - [MESSAGE][INFO] - Unable to find the element located by 'By.xpath: id("root")/div[1]/div[@class="pb-5"]/div[@class="container pb-5"]/div[@class="products"]/div[@class="card"]/div[@class="card-body"]/p[@class="card-title"][count(. | //*[@class = 'card-title' and (text() = 'Tesla' or . = 'Tesla')]) = count(//*[@class = 'card-title' and (text() = 'Tesla' or . = 'Tesla')])]'. Please recheck the objects properties to make sure the desired element is located. 

2022-10-25 20:05:32 - [MESSAGE][WARNING] - [SELF-HEALING] Failed to find element with id 'Object Repository/Homepage/text_product3_name'. Try using Self-healing.

2022-10-25 20:05:32 - [MESSAGE][INFO] - [SELF-HEALING] Screenshot: C:/Users/Lucifur/git/Tim3_KatalonWeb/Reports/Self-healing/Object Repository/Homepage/text_product3_name_XPATH.png

2022-10-25 20:05:32 - [MESSAGE][WARNING] - [SELF-HEALING] The current locator of test object 'Object Repository/Homepage/text_product3_name' was broken. Propose an alternative one: '//div[@id='root']/div/div/div[2]/div[2]/div[3]/div/p'.

2022-10-25 20:05:32 - [MESSAGE][PASSED] - Object 'Object Repository/Homepage/text_product3_name' is visible

2022-10-25 20:05:32 - [TEST_STEP][PASSED] - verifyElementVisible(findTestObject("Homepage/text_product3_category")): Object 'Object Repository/Homepage/text_product3_category' is visible

2022-10-25 20:05:33 - [MESSAGE][PASSED] - Object 'Object Repository/Homepage/text_product3_category' is visible

2022-10-25 20:05:33 - [TEST_STEP][PASSED] - verifyElementVisible(findTestObject("Homepage/text_product3_price")): Object 'Object Repository/Homepage/text_product3_price' is visible

2022-10-25 20:05:33 - [MESSAGE][PASSED] - Object 'Object Repository/Homepage/text_product3_price' is visible

2022-10-25 20:05:33 - [TEST_STEP][PASSED] - click(findTestObject("Homepage/card_product3")): Object: 'Object Repository/Homepage/card_product3' is clicked on

2022-10-25 20:06:04 - [MESSAGE][INFO] - Unable to find the element located by 'By.xpath: id("root")/div[1]/div[@class="pb-5"]/div[@class="container pb-5"]/div[@class="products"]/div[@class="card"][count(. | //*[@class = 'card ' and (text() = 'TeslaKendaraanRp 1.500.000,00' or . = 'TeslaKendaraanRp 1.500.000,00')]) = count(//*[@class = 'card ' and (text() = 'TeslaKendaraanRp 1.500.000,00' or . = 'TeslaKendaraanRp 1.500.000,00')])]'. Please recheck the objects properties to make sure the desired element is located. 

2022-10-25 20:06:04 - [MESSAGE][WARNING] - [SELF-HEALING] Failed to find element with id 'Object Repository/Homepage/card_product3'. Try using Self-healing.

2022-10-25 20:06:05 - [MESSAGE][INFO] - [SELF-HEALING] Screenshot: C:/Users/Lucifur/git/Tim3_KatalonWeb/Reports/Self-healing/Object Repository/Homepage/card_product3_XPATH.png

2022-10-25 20:06:05 - [MESSAGE][WARNING] - [SELF-HEALING] The current locator of test object 'Object Repository/Homepage/card_product3' was broken. Propose an alternative one: '//div[@id='root']/div/div/div[2]/div[2]/div[3]'.

2022-10-25 20:06:05 - [MESSAGE][PASSED] - Object: 'Object Repository/Homepage/card_product3' is clicked on

2022-10-25 20:06:05 - [MESSAGE][INFO] - 

2022-10-25 20:06:05 - [MESSAGE][INFO] - ===================== Self-healing Report ====================

2022-10-25 20:06:05 - [MESSAGE][INFO] - One of the failed test object locators has been recovered by Self-healing. Please refer to the Self-healing Insights tab for more details.

2022-10-25 20:06:05 - [MESSAGE][INFO] - To learn more about Self-healing, please read https://docs.katalon.com/katalon-studio/docs/self-healing.html

2022-10-25 20:06:05 - [MESSAGE][INFO] - ==============================================================

2022-10-25 20:06:05 - [MESSAGE][PASSED] - Call Test Case 'Test Cases/Pages/Homepage/Click Product Detail' successfully

2022-10-25 20:06:05 - [TEST_STEP][PASSED] - callTestCase(findTestCase("Pages/Product Detail/Verify Content Product from Other Seller"), [:], STOP_ON_FAILURE): Call Test Case 'Test Cases/Pages/Product Detail/Verify Content Product from Other Seller' successfully

2022-10-25 20:06:05 - [TEST_CASE][PASSED] - Test Cases/Pages/Product Detail/Verify Content Product from Other Seller: Test Cases/Pages/Product Detail/Verify Content Product from Other Seller

2022-10-25 20:06:05 - [TEST_STEP][PASSED] - verifyElementVisible(findTestObject("Page_Product_Detail/text_product_name")): Object 'Object Repository/Page_Product_Detail/text_product_name' is visible

2022-10-25 20:06:06 - [MESSAGE][PASSED] - Object 'Object Repository/Page_Product_Detail/text_product_name' is visible

2022-10-25 20:06:06 - [TEST_STEP][PASSED] - verifyElementVisible(findTestObject("Page_Product_Detail/text_product_desc")): Object 'Object Repository/Page_Product_Detail/text_product_desc' is visible

2022-10-25 20:06:07 - [MESSAGE][PASSED] - Object 'Object Repository/Page_Product_Detail/text_product_desc' is visible

2022-10-25 20:06:07 - [TEST_STEP][PASSED] - verifyElementVisible(findTestObject("Page_Product_Detail/text_product_price")): Object 'Object Repository/Page_Product_Detail/text_product_price' is visible

2022-10-25 20:06:07 - [MESSAGE][PASSED] - Object 'Object Repository/Page_Product_Detail/text_product_price' is visible

2022-10-25 20:06:07 - [TEST_STEP][PASSED] - verifyElementVisible(findTestObject("Page_Product_Detail/text_product_owner_name")): Object 'Object Repository/Page_Product_Detail/text_product_owner_name' is visible

2022-10-25 20:06:07 - [MESSAGE][PASSED] - Object 'Object Repository/Page_Product_Detail/text_product_owner_name' is visible

2022-10-25 20:06:07 - [TEST_STEP][PASSED] - verifyElementVisible(findTestObject("Page_Product_Detail/text_product_owner_location")): Object 'Object Repository/Page_Product_Detail/text_product_owner_location' is visible

2022-10-25 20:06:08 - [MESSAGE][PASSED] - Object 'Object Repository/Page_Product_Detail/text_product_owner_location' is visible

2022-10-25 20:06:08 - [TEST_STEP][PASSED] - verifyElementVisible(findTestObject("Page_Product_Detail/img_product_owner")): Object 'Object Repository/Page_Product_Detail/img_product_owner' is visible

2022-10-25 20:06:08 - [MESSAGE][PASSED] - Object 'Object Repository/Page_Product_Detail/img_product_owner' is visible

2022-10-25 20:06:08 - [TEST_STEP][PASSED] - verifyElementVisible(findTestObject("Page_Product_Detail/header_product_desc")): Object 'Object Repository/Page_Product_Detail/header_product_desc' is visible

2022-10-25 20:06:08 - [MESSAGE][PASSED] - Object 'Object Repository/Page_Product_Detail/header_product_desc' is visible

2022-10-25 20:06:08 - [TEST_STEP][PASSED] - verifyElementVisible(findTestObject("Page_Product_Detail/text_product_desc")): Object 'Object Repository/Page_Product_Detail/text_product_desc' is visible

2022-10-25 20:06:09 - [MESSAGE][PASSED] - Object 'Object Repository/Page_Product_Detail/text_product_desc' is visible

2022-10-25 20:06:09 - [TEST_STEP][PASSED] - verifyElementVisible(findTestObject("Page_Product_Detail/text_product_owner_name")): Object 'Object Repository/Page_Product_Detail/text_product_owner_name' is visible

2022-10-25 20:06:09 - [MESSAGE][PASSED] - Object 'Object Repository/Page_Product_Detail/text_product_owner_name' is visible

2022-10-25 20:06:09 - [TEST_STEP][PASSED] - verifyElementVisible(findTestObject("Page_Product_Detail/button_offering")): Object 'Object Repository/Page_Product_Detail/button_offering' is visible

2022-10-25 20:06:09 - [MESSAGE][PASSED] - Object 'Object Repository/Page_Product_Detail/button_offering' is visible

2022-10-25 20:06:09 - [MESSAGE][INFO] - 

2022-10-25 20:06:09 - [MESSAGE][INFO] - ===================== Self-healing Report ====================

2022-10-25 20:06:09 - [MESSAGE][INFO] - One of the failed test object locators has been recovered by Self-healing. Please refer to the Self-healing Insights tab for more details.

2022-10-25 20:06:09 - [MESSAGE][INFO] - To learn more about Self-healing, please read https://docs.katalon.com/katalon-studio/docs/self-healing.html

2022-10-25 20:06:09 - [MESSAGE][INFO] - ==============================================================

2022-10-25 20:06:09 - [MESSAGE][PASSED] - Call Test Case 'Test Cases/Pages/Product Detail/Verify Content Product from Other Seller' successfully

2022-10-25 20:06:09 - [TEST_STEP][PASSED] - Start listener action : afterTestCase: Browser is closed

2022-10-25 20:06:09 - [TEST_STEP][PASSED] - logInfo("Test Case: " + testCaseContext.getTestCaseId()): Test Case: Test Cases/StepDefinition/Feature View Product Detail/PRODUCT001 - View product details from other sellers in homepage

2022-10-25 20:06:09 - [MESSAGE][INFO] - Test Case: Test Cases/StepDefinition/Feature View Product Detail/PRODUCT001 - View product details from other sellers in homepage

2022-10-25 20:06:09 - [TEST_STEP][PASSED] - closeBrowser(): null

2022-10-25 20:06:09 - [TEST_STEP][PASSED] - closeBrowser(): Browser is closed

2022-10-25 20:06:10 - [MESSAGE][PASSED] - Browser is closed]]></system-out>
         <system-err><![CDATA[]]></system-err>
      </testcase>
      <system-out><![CDATA[2022-10-25 20:04:54 - [TEST_SUITE][PASSED] - Feature View Product Detail: Test Cases/StepDefinition/Feature View Product Detail/PRODUCT001 - View product details from other sellers in homepage]]></system-out>
      <system-err><![CDATA[]]></system-err>
   </testsuite>
</testsuites>
